<?xml version="1.0" encoding="UTF-8" ?>
<testsuite tests="2" failures="1" name="bachelorthesis.testdata.RunFirstFeatureTest" time="0.045" errors="0" skipped="0">
  <properties>
    <property name="java.runtime.name" value="Java(TM) SE Runtime Environment"/>
    <property name="sun.boot.library.path" value="C:\Program Files\Java\jdk1.8.0_212\jre\bin"/>
    <property name="java.vm.version" value="25.212-b10"/>
    <property name="user.country.format" value="DE"/>
    <property name="java.vm.vendor" value="Oracle Corporation"/>
    <property name="maven.multiModuleProjectDirectory" value="C:\Users\PF\Desktop\alles BA\bachelorthesis-testdata"/>
    <property name="java.vendor.url" value="http://java.oracle.com/"/>
    <property name="path.separator" value=";"/>
    <property name="guice.disable.misplaced.annotation.check" value="true"/>
    <property name="java.vm.name" value="Java HotSpot(TM) 64-Bit Server VM"/>
    <property name="file.encoding.pkg" value="sun.io"/>
    <property name="user.script" value=""/>
    <property name="user.country" value="GB"/>
    <property name="sun.java.launcher" value="SUN_STANDARD"/>
    <property name="sun.os.patch.level" value=""/>
    <property name="java.vm.specification.name" value="Java Virtual Machine Specification"/>
    <property name="user.dir" value="C:\Users\PF\Desktop\alles BA\bachelorthesis-testdata"/>
    <property name="java.runtime.version" value="1.8.0_212-b10"/>
    <property name="java.awt.graphicsenv" value="sun.awt.Win32GraphicsEnvironment"/>
    <property name="java.endorsed.dirs" value="C:\Program Files\Java\jdk1.8.0_212\jre\lib\endorsed"/>
    <property name="os.arch" value="amd64"/>
    <property name="java.io.tmpdir" value="C:\Users\PF\AppData\Local\Temp\"/>
    <property name="line.separator" value="
"/>
    <property name="java.vm.specification.vendor" value="Oracle Corporation"/>
    <property name="user.variant" value=""/>
    <property name="os.name" value="Windows 10"/>
    <property name="classworlds.conf" value="C:\Program Files\apache-maven-3.6.1\bin\..\bin\m2.conf"/>
    <property name="sun.jnu.encoding" value="Cp1252"/>
    <property name="java.library.path" value="C:\Program Files\Java\jdk1.8.0_212\bin;C:\WINDOWS\Sun\Java\bin;C:\WINDOWS\system32;C:\WINDOWS;C:\Program Files (x86)\Common Files\Oracle\Java\javapath;C:\ProgramData\Oracle\Java\javapath;C:\Program Files (x86)\NVIDIA Corporation\PhysX\Common;C:\WINDOWS\system32;C:\WINDOWS;C:\WINDOWS\System32\Wbem;C:\WINDOWS\System32\WindowsPowerShell\v1.0\;C:\Program Files (x86)\AMD\ATI.ACE\Core-Static;C:\Program Files (x86)\ATI Technologies\ATI.ACE\Core-Static;C:\Program Files\ibm\gsk8\lib64;C:\Program Files (x86)\ibm\gsk8\lib;C:\WINDOWS\System32\OpenSSH\;C:\Program Files\Git\cmd;C:\Program Files\Java\jdk1.8.0_212\bin;C:\Program Files\apache-maven-3.6.1\bin;C:\Users\PF\AppData\Local\Microsoft\WindowsApps;C:\Applications\Atlassian\atlassian-plugin-sdk-8.0.7\bin;C:\Program Files\apache-maven-3.6.1\bin;C:\Program Files\Git\bin;;."/>
    <property name="maven.conf" value="C:\Program Files\apache-maven-3.6.1\bin\../conf"/>
    <property name="java.specification.name" value="Java Platform API Specification"/>
    <property name="java.class.version" value="52.0"/>
    <property name="sun.management.compiler" value="HotSpot 64-Bit Tiered Compilers"/>
    <property name="os.version" value="10.0"/>
    <property name="library.jansi.path" value="C:\Program Files\apache-maven-3.6.1\bin\..\lib\jansi-native"/>
    <property name="user.home" value="C:\Users\PF"/>
    <property name="user.timezone" value="Europe/Berlin"/>
    <property name="java.awt.printerjob" value="sun.awt.windows.WPrinterJob"/>
    <property name="java.specification.version" value="1.8"/>
    <property name="file.encoding" value="Cp1252"/>
    <property name="user.name" value="PF"/>
    <property name="java.class.path" value="C:\Program Files\apache-maven-3.6.1\bin\..\boot\plexus-classworlds-2.6.0.jar"/>
    <property name="java.vm.specification.version" value="1.8"/>
    <property name="sun.arch.data.model" value="64"/>
    <property name="java.home" value="C:\Program Files\Java\jdk1.8.0_212\jre"/>
    <property name="sun.java.command" value="org.codehaus.plexus.classworlds.launcher.Launcher test"/>
    <property name="java.specification.vendor" value="Oracle Corporation"/>
    <property name="user.language" value="en"/>
    <property name="user.language.format" value="de"/>
    <property name="awt.toolkit" value="sun.awt.windows.WToolkit"/>
    <property name="java.vm.info" value="mixed mode"/>
    <property name="java.version" value="1.8.0_212"/>
    <property name="java.ext.dirs" value="C:\Program Files\Java\jdk1.8.0_212\jre\lib\ext;C:\WINDOWS\Sun\Java\lib\ext"/>
    <property name="sun.boot.class.path" value="C:\Program Files\Java\jdk1.8.0_212\jre\lib\resources.jar;C:\Program Files\Java\jdk1.8.0_212\jre\lib\rt.jar;C:\Program Files\Java\jdk1.8.0_212\jre\lib\sunrsasign.jar;C:\Program Files\Java\jdk1.8.0_212\jre\lib\jsse.jar;C:\Program Files\Java\jdk1.8.0_212\jre\lib\jce.jar;C:\Program Files\Java\jdk1.8.0_212\jre\lib\charsets.jar;C:\Program Files\Java\jdk1.8.0_212\jre\lib\jfr.jar;C:\Program Files\Java\jdk1.8.0_212\jre\classes"/>
    <property name="sun.stderr.encoding" value="cp850"/>
    <property name="java.vendor" value="Oracle Corporation"/>
    <property name="maven.home" value="C:\Program Files\apache-maven-3.6.1\bin\.."/>
    <property name="file.separator" value="\"/>
    <property name="java.vendor.url.bug" value="http://bugreport.sun.com/bugreport/"/>
    <property name="sun.cpu.endian" value="little"/>
    <property name="sun.io.unicode.encoding" value="UnicodeLittle"/>
    <property name="sun.stdout.encoding" value="cp850"/>
    <property name="sun.desktop" value="windows"/>
    <property name="sun.cpu.isalist" value="amd64"/>
  </properties>
  <testcase classname="A test feature" name="Successful scenario for TES-1" time="0.026"/>
  <testcase classname="A test feature" name="Failing scenario for TES-1" time="0.019">
    <failure message="You got 35" type="junit.framework.AssertionFailedError">junit.framework.AssertionFailedError: You got 35
	at junit.framework.Assert.fail(Assert.java:57)
	at junit.framework.TestCase.fail(TestCase.java:227)
	at bachelorthesis.testdata.StepDefinitions.i_should_get(StepDefinitions.java:48)
	at âœ½.I get 40(file:src/test/resources/bachelorthesis.testdata/first-feature.feature:14)
</failure>
    <system-out>
  @Feature1
  Scenario: Failing scenario for TES-1 &amp;#27;[90m# src/test/resources/bachelorthesis.testdata/first-feature.feature:10&amp;#27;[0m
Number is 5 5
    &amp;#27;[32mGiven &amp;#27;[0m&amp;#27;[32mI have the number &amp;#27;[0m&amp;#27;[32m&amp;#27;[1m5&amp;#27;[0m          &amp;#27;[90m# StepDefinitions.i_have_the_number(Integer)&amp;#27;[0m
Number is 7
    &amp;#27;[32mAnd &amp;#27;[0m&amp;#27;[32mI also have the number &amp;#27;[0m&amp;#27;[32m&amp;#27;[1m7&amp;#27;[0m       &amp;#27;[90m# StepDefinitions.i_also_have_the_number(Integer)&amp;#27;[0m
    &amp;#27;[32mWhen &amp;#27;[0m&amp;#27;[32mI multiply &amp;#27;[0m&amp;#27;[32m&amp;#27;[1m5&amp;#27;[0m&amp;#27;[32m with &amp;#27;[0m&amp;#27;[32m&amp;#27;[1m7&amp;#27;[0m           &amp;#27;[90m# StepDefinitions.i_multiply_with(Integer,Integer)&amp;#27;[0m
    &amp;#27;[31mThen &amp;#27;[0m&amp;#27;[31mI get &amp;#27;[0m&amp;#27;[31m&amp;#27;[1m40&amp;#27;[0m                      &amp;#27;[90m# StepDefinitions.i_should_get(Integer)&amp;#27;[0m
      &amp;#27;[31mjunit.framework.AssertionFailedError: You got 35
	at junit.framework.Assert.fail(Assert.java:57)
	at junit.framework.TestCase.fail(TestCase.java:227)
	at bachelorthesis.testdata.StepDefinitions.i_should_get(StepDefinitions.java:48)
	at ?.I get 40(file:src/test/resources/bachelorthesis.testdata/first-feature.feature:14)
&amp;#27;[0m
</system-out>
  </testcase>
</testsuite>